<?xml version="1.0" encoding="UTF-8"?>
<testng-results skipped="0" failed="0" total="1" passed="1">
  <reporter-output>
    <line>
      <![CDATA[test case is start]]>
    </line>
    <line>
      <![CDATA[test case is run]]>
    </line>
  </reporter-output>
  <suite name="Default suite" duration-ms="20791" started-at="2020-02-24T11:14:58Z" finished-at="2020-02-24T11:15:19Z">
    <groups>
    </groups>
    <test name="Default test" duration-ms="20791" started-at="2020-02-24T11:14:58Z" finished-at="2020-02-24T11:15:19Z">
      <class name="Testcases.Testtogcrit">
        <test-method status="PASS" signature="setsuite()[pri:0, instance:Testcases.Testtogcrit@724af044]" name="setsuite" is-config="true" duration-ms="1193" started-at="2020-02-24T16:44:57Z" finished-at="2020-02-24T16:44:58Z">
          <reporter-output>
            <line>
              <![CDATA[test case is start]]>
            </line>
            <line>
              <![CDATA[test case is run]]>
            </line>
          </reporter-output>
        </test-method> <!-- setsuite -->
        <test-method status="PASS" signature="setapp()[pri:0, instance:Testcases.Testtogcrit@724af044]" name="setapp" is-config="true" duration-ms="14695" started-at="2020-02-24T16:44:58Z" finished-at="2020-02-24T16:45:13Z">
          <reporter-output>
          </reporter-output>
        </test-method> <!-- setapp -->
        <test-method status="PASS" signature="launchapp()[pri:0, instance:Testcases.Testtogcrit@724af044]" name="launchapp" duration-ms="2726" started-at="2020-02-24T16:45:13Z" finished-at="2020-02-24T16:45:16Z">
          <reporter-output>
          </reporter-output>
        </test-method> <!-- launchapp -->
        <test-method status="PASS" signature="getcurrentDateTime(org.testng.ITestResult)[pri:0, instance:Testcases.Testtogcrit@724af044]" name="getcurrentDateTime" is-config="true" duration-ms="1928" started-at="2020-02-24T16:45:16Z" finished-at="2020-02-24T16:45:18Z">
          <params>
            <param index="0">
              <value>
                <![CDATA[[TestResult name=launchapp status=SUCCESS method=Testtogcrit.launchapp()[pri:0, instance:Testcases.Testtogcrit@724af044] output={null}]]]>
              </value>
            </param>
          </params>
          <reporter-output>
          </reporter-output>
        </test-method> <!-- getcurrentDateTime -->
        <test-method status="PASS" signature="shintdown()[pri:0, instance:Testcases.Testtogcrit@724af044]" name="shintdown" is-config="true" duration-ms="1420" started-at="2020-02-24T16:45:18Z" finished-at="2020-02-24T16:45:19Z">
          <reporter-output>
          </reporter-output>
        </test-method> <!-- shintdown -->
      </class> <!-- Testcases.Testtogcrit -->
    </test> <!-- Default test -->
  </suite> <!-- Default suite -->
</testng-results>
