<?xml version="1.0" encoding="UTF-8"?>
<testng-results skipped="0" failed="0" total="1" passed="1">
  <reporter-output>
    <line>
      <![CDATA[test case is start]]>
    </line>
    <line>
      <![CDATA[test case is run]]>
    </line>
  </reporter-output>
  <suite name="Suite" duration-ms="14852" started-at="2019-12-22T10:00:18Z" finished-at="2019-12-22T10:00:33Z">
    <groups>
    </groups>
    <test name="Test" duration-ms="14852" started-at="2019-12-22T10:00:18Z" finished-at="2019-12-22T10:00:33Z">
      <class name="Testcases.Testtogcrit">
        <test-method status="PASS" signature="setsuite()[pri:0, instance:Testcases.Testtogcrit@123f1134]" name="setsuite" is-config="true" duration-ms="1091" started-at="2019-12-22T15:30:17Z" finished-at="2019-12-22T15:30:18Z">
          <reporter-output>
            <line>
              <![CDATA[test case is start]]>
            </line>
            <line>
              <![CDATA[test case is run]]>
            </line>
          </reporter-output>
        </test-method> <!-- setsuite -->
        <test-method status="PASS" signature="setapp(java.lang.String, java.lang.String)[pri:0, instance:Testcases.Testtogcrit@123f1134]" name="setapp" is-config="true" duration-ms="10370" started-at="2019-12-22T15:30:18Z" finished-at="2019-12-22T15:30:29Z">
          <params>
            <param index="0">
              <value>
                <![CDATA[Chrome]]>
              </value>
            </param>
            <param index="1">
              <value>
                <![CDATA[http://www.gcrit.com/build3/admin/login.php]]>
              </value>
            </param>
          </params>
          <reporter-output>
          </reporter-output>
        </test-method> <!-- setapp -->
        <test-method status="PASS" signature="launchapp()[pri:0, instance:Testcases.Testtogcrit@123f1134]" name="launchapp" duration-ms="1716" started-at="2019-12-22T15:30:29Z" finished-at="2019-12-22T15:30:30Z">
          <reporter-output>
          </reporter-output>
        </test-method> <!-- launchapp -->
        <test-method status="PASS" signature="getcurrentDateTime(org.testng.ITestResult)[pri:0, instance:Testcases.Testtogcrit@123f1134]" name="getcurrentDateTime" is-config="true" duration-ms="1861" started-at="2019-12-22T15:30:30Z" finished-at="2019-12-22T15:30:32Z">
          <params>
            <param index="0">
              <value>
                <![CDATA[[TestResult name=launchapp status=SUCCESS method=Testtogcrit.launchapp()[pri:0, instance:Testcases.Testtogcrit@123f1134] output={null}]]]>
              </value>
            </param>
          </params>
          <reporter-output>
          </reporter-output>
        </test-method> <!-- getcurrentDateTime -->
        <test-method status="PASS" signature="shintdown()[pri:0, instance:Testcases.Testtogcrit@123f1134]" name="shintdown" is-config="true" duration-ms="886" started-at="2019-12-22T15:30:32Z" finished-at="2019-12-22T15:30:33Z">
          <reporter-output>
          </reporter-output>
        </test-method> <!-- shintdown -->
      </class> <!-- Testcases.Testtogcrit -->
    </test> <!-- Test -->
  </suite> <!-- Suite -->
</testng-results>
